<?xml version="1.0" encoding="UTF-8"?>
<!-- Generated by org.testng.reporters.JUnitReportReporter -->
<testsuite skipped="0" hostname="Sashi.local" name="smartbytes.akash.datadriventest.ExcelDataProviderTest" tests="1" failures="0" timestamp="30 May 2020 07:53:14 GMT" time="0.049" errors="0">
  <testcase name="test_create_customer" time="0.049" classname="smartbytes.akash.datadriventest.ExcelDataProviderTest"/>
</testsuite> <!-- smartbytes.akash.datadriventest.ExcelDataProviderTest -->
